This is pdfTeX, Version 3.141592653-2.6-1.40.24 (TeX Live 2022/Debian) (preloaded format=pdflatex 2024.8.9)  8 DEC 2024 22:57
entering extended mode
 restricted \write18 enabled.
 %&-line parsing enabled.
**IcpO2GR2W1.tex
(./IcpO2GR2W1.tex
LaTeX2e <2022-11-01> patch level 1
L3 programming layer <2023-01-16>
(/usr/share/texlive/texmf-dist/tex/latex/base/article.cls
Document Class: article 2022/07/02 v1.4n Standard LaTeX document class
(/usr/share/texlive/texmf-dist/tex/latex/base/size12.clo
File: size12.clo 2022/07/02 v1.4n Standard LaTeX file (size option)
)
\c@part=\count185
\c@section=\count186
\c@subsection=\count187
\c@subsubsection=\count188
\c@paragraph=\count189
\c@subparagraph=\count190
\c@figure=\count191
\c@table=\count192
\abovecaptionskip=\skip48
\belowcaptionskip=\skip49
\bibindent=\dimen140
)
(/usr/share/texlive/texmf-dist/tex/latex/base/inputenc.sty
Package: inputenc 2021/02/14 v1.3d Input encoding file
\inpenc@prehook=\toks16
\inpenc@posthook=\toks17

(/usr/share/texlive/texmf-dist/tex/latex/base/latin1.def
File: latin1.def 2021/02/14 v1.3d Input encoding file
))
(/usr/share/texlive/texmf-dist/tex/latex/amsmath/amsmath.sty
Package: amsmath 2022/04/08 v2.17n AMS math features
\@mathmargin=\skip50

For additional information on amsmath, use the `?' option.
(/usr/share/texlive/texmf-dist/tex/latex/amsmath/amstext.sty
Package: amstext 2021/08/26 v2.01 AMS text

(/usr/share/texlive/texmf-dist/tex/latex/amsmath/amsgen.sty
File: amsgen.sty 1999/11/30 v2.0 generic functions
\@emptytoks=\toks18
\ex@=\dimen141
))
(/usr/share/texlive/texmf-dist/tex/latex/amsmath/amsbsy.sty
Package: amsbsy 1999/11/29 v1.2d Bold Symbols
\pmbraise@=\dimen142
)
(/usr/share/texlive/texmf-dist/tex/latex/amsmath/amsopn.sty
Package: amsopn 2022/04/08 v2.04 operator names
)
\inf@bad=\count193
LaTeX Info: Redefining \frac on input line 234.
\uproot@=\count194
\leftroot@=\count195
LaTeX Info: Redefining \overline on input line 399.
LaTeX Info: Redefining \colon on input line 410.
\classnum@=\count196
\DOTSCASE@=\count197
LaTeX Info: Redefining \ldots on input line 496.
LaTeX Info: Redefining \dots on input line 499.
LaTeX Info: Redefining \cdots on input line 620.
\Mathstrutbox@=\box51
\strutbox@=\box52
LaTeX Info: Redefining \big on input line 722.
LaTeX Info: Redefining \Big on input line 723.
LaTeX Info: Redefining \bigg on input line 724.
LaTeX Info: Redefining \Bigg on input line 725.
\big@size=\dimen143
LaTeX Font Info:    Redeclaring font encoding OML on input line 743.
LaTeX Font Info:    Redeclaring font encoding OMS on input line 744.
\macc@depth=\count198
LaTeX Info: Redefining \bmod on input line 905.
LaTeX Info: Redefining \pmod on input line 910.
LaTeX Info: Redefining \smash on input line 940.
LaTeX Info: Redefining \relbar on input line 970.
LaTeX Info: Redefining \Relbar on input line 971.
\c@MaxMatrixCols=\count199
\dotsspace@=\muskip16
\c@parentequation=\count266
\dspbrk@lvl=\count267
\tag@help=\toks19
\row@=\count268
\column@=\count269
\maxfields@=\count270
\andhelp@=\toks20
\eqnshift@=\dimen144
\alignsep@=\dimen145
\tagshift@=\dimen146
\tagwidth@=\dimen147
\totwidth@=\dimen148
\lineht@=\dimen149
\@envbody=\toks21
\multlinegap=\skip51
\multlinetaggap=\skip52
\mathdisplay@stack=\toks22
LaTeX Info: Redefining \[ on input line 2953.
LaTeX Info: Redefining \] on input line 2954.
)
(/usr/share/texlive/texmf-dist/tex/latex/amsfonts/amsfonts.sty
Package: amsfonts 2013/01/14 v3.01 Basic AMSFonts support
\symAMSa=\mathgroup4
\symAMSb=\mathgroup5
LaTeX Font Info:    Redeclaring math symbol \hbar on input line 98.
LaTeX Font Info:    Overwriting math alphabet `\mathfrak' in version `bold'
(Font)                  U/euf/m/n --> U/euf/b/n on input line 106.
)
(/usr/share/texlive/texmf-dist/tex/latex/amsfonts/amssymb.sty
Package: amssymb 2013/01/14 v3.01 AMS font symbols
)
(/usr/share/texlive/texmf-dist/tex/latex/graphics/graphicx.sty
Package: graphicx 2021/09/16 v1.2d Enhanced LaTeX Graphics (DPC,SPQR)

(/usr/share/texlive/texmf-dist/tex/latex/graphics/keyval.sty
Package: keyval 2022/05/29 v1.15 key=value parser (DPC)
\KV@toks@=\toks23
)
(/usr/share/texlive/texmf-dist/tex/latex/graphics/graphics.sty
Package: graphics 2022/03/10 v1.4e Standard LaTeX Graphics (DPC,SPQR)

(/usr/share/texlive/texmf-dist/tex/latex/graphics/trig.sty
Package: trig 2021/08/11 v1.11 sin cos tan (DPC)
)
(/usr/share/texlive/texmf-dist/tex/latex/graphics-cfg/graphics.cfg
File: graphics.cfg 2016/06/04 v1.11 sample graphics configuration
)
Package graphics Info: Driver file: pdftex.def on input line 107.

(/usr/share/texlive/texmf-dist/tex/latex/graphics-def/pdftex.def
File: pdftex.def 2022/09/22 v1.2b Graphics/color driver for pdftex
))
\Gin@req@height=\dimen150
\Gin@req@width=\dimen151
)
(/usr/share/texlive/texmf-dist/tex/latex/multirow/multirow.sty
Package: multirow 2021/03/15 v2.8 Span multiple rows of a table
\multirow@colwidth=\skip53
\multirow@cntb=\count271
\multirow@dima=\skip54
\bigstrutjot=\dimen152
)
(/usr/share/texlive/texmf-dist/tex/latex/tools/multicol.sty
Package: multicol 2021/11/30 v1.9d multicolumn formatting (FMi)
\c@tracingmulticols=\count272
\mult@box=\box53
\multicol@leftmargin=\dimen153
\c@unbalance=\count273
\c@collectmore=\count274
\doublecol@number=\count275
\multicoltolerance=\count276
\multicolpretolerance=\count277
\full@width=\dimen154
\page@free=\dimen155
\premulticols=\dimen156
\postmulticols=\dimen157
\multicolsep=\skip55
\multicolbaselineskip=\skip56
\partial@page=\box54
\last@line=\box55
\maxbalancingoverflow=\dimen158
\mult@rightbox=\box56
\mult@grightbox=\box57
\mult@firstbox=\box58
\mult@gfirstbox=\box59
\@tempa=\box60
\@tempa=\box61
\@tempa=\box62
\@tempa=\box63
\@tempa=\box64
\@tempa=\box65
\@tempa=\box66
\@tempa=\box67
\@tempa=\box68
\@tempa=\box69
\@tempa=\box70
\@tempa=\box71
\@tempa=\box72
\@tempa=\box73
\@tempa=\box74
\@tempa=\box75
\@tempa=\box76
\@tempa=\box77
\@tempa=\box78
\@tempa=\box79
\@tempa=\box80
\@tempa=\box81
\@tempa=\box82
\@tempa=\box83
\@tempa=\box84
\@tempa=\box85
\@tempa=\box86
\@tempa=\box87
\@tempa=\box88
\@tempa=\box89
\@tempa=\box90
\@tempa=\box91
\@tempa=\box92
\@tempa=\box93
\@tempa=\box94
\@tempa=\box95
\c@minrows=\count278
\c@columnbadness=\count279
\c@finalcolumnbadness=\count280
\last@try=\dimen159
\multicolovershoot=\dimen160
\multicolundershoot=\dimen161
\mult@nat@firstbox=\box96
\colbreak@box=\box97
\mc@col@check@num=\count281
)
(/usr/share/texlive/texmf-dist/tex/latex/psnfss/pifont.sty
Package: pifont 2020/03/25 PSNFSS-v9.3 Pi font support (SPQR) 
LaTeX Font Info:    Trying to load font information for U+pzd on input line 63.


(/usr/share/texlive/texmf-dist/tex/latex/psnfss/upzd.fd
File: upzd.fd 2001/06/04 font definitions for U/pzd.
)
LaTeX Font Info:    Trying to load font information for U+psy on input line 64.


(/usr/share/texlive/texmf-dist/tex/latex/psnfss/upsy.fd
File: upsy.fd 2001/06/04 font definitions for U/psy.
))
(/usr/share/texlive/texmf-dist/tex/latex/hyperref/hyperref.sty
Package: hyperref 2022-11-13 v7.00u Hypertext links for LaTeX

(/usr/share/texlive/texmf-dist/tex/generic/ltxcmds/ltxcmds.sty
Package: ltxcmds 2020-05-10 v1.25 LaTeX kernel commands for general use (HO)
)
(/usr/share/texlive/texmf-dist/tex/generic/iftex/iftex.sty
Package: iftex 2022/02/03 v1.0f TeX engine tests
)
(/usr/share/texlive/texmf-dist/tex/generic/pdftexcmds/pdftexcmds.sty
Package: pdftexcmds 2020-06-27 v0.33 Utility functions of pdfTeX for LuaTeX (HO
)

(/usr/share/texlive/texmf-dist/tex/generic/infwarerr/infwarerr.sty
Package: infwarerr 2019/12/03 v1.5 Providing info/warning/error messages (HO)
)
Package pdftexcmds Info: \pdf@primitive is available.
Package pdftexcmds Info: \pdf@ifprimitive is available.
Package pdftexcmds Info: \pdfdraftmode found.
)
(/usr/share/texlive/texmf-dist/tex/latex/kvsetkeys/kvsetkeys.sty
Package: kvsetkeys 2022-10-05 v1.19 Key value parser (HO)
)
(/usr/share/texlive/texmf-dist/tex/generic/kvdefinekeys/kvdefinekeys.sty
Package: kvdefinekeys 2019-12-19 v1.6 Define keys (HO)
)
(/usr/share/texlive/texmf-dist/tex/generic/pdfescape/pdfescape.sty
Package: pdfescape 2019/12/09 v1.15 Implements pdfTeX's escape features (HO)
)
(/usr/share/texlive/texmf-dist/tex/latex/hycolor/hycolor.sty
Package: hycolor 2020-01-27 v1.10 Color options for hyperref/bookmark (HO)
)
(/usr/share/texlive/texmf-dist/tex/latex/letltxmacro/letltxmacro.sty
Package: letltxmacro 2019/12/03 v1.6 Let assignment for LaTeX macros (HO)
)
(/usr/share/texlive/texmf-dist/tex/latex/auxhook/auxhook.sty
Package: auxhook 2019-12-17 v1.6 Hooks for auxiliary files (HO)
)
(/usr/share/texlive/texmf-dist/tex/latex/hyperref/nameref.sty
Package: nameref 2022-05-17 v2.50 Cross-referencing by name of section

(/usr/share/texlive/texmf-dist/tex/latex/refcount/refcount.sty
Package: refcount 2019/12/15 v3.6 Data extraction from label references (HO)
)
(/usr/share/texlive/texmf-dist/tex/generic/gettitlestring/gettitlestring.sty
Package: gettitlestring 2019/12/15 v1.6 Cleanup title references (HO)

(/usr/share/texlive/texmf-dist/tex/latex/kvoptions/kvoptions.sty
Package: kvoptions 2022-06-15 v3.15 Key value format for package options (HO)
))
\c@section@level=\count282
)
\@linkdim=\dimen162
\Hy@linkcounter=\count283
\Hy@pagecounter=\count284

(/usr/share/texlive/texmf-dist/tex/latex/hyperref/pd1enc.def
File: pd1enc.def 2022-11-13 v7.00u Hyperref: PDFDocEncoding definition (HO)
Now handling font encoding PD1 ...
... no UTF-8 mapping file for font encoding PD1
)
(/usr/share/texlive/texmf-dist/tex/generic/intcalc/intcalc.sty
Package: intcalc 2019/12/15 v1.3 Expandable calculations with integers (HO)
)
(/usr/share/texlive/texmf-dist/tex/generic/etexcmds/etexcmds.sty
Package: etexcmds 2019/12/15 v1.7 Avoid name clashes with e-TeX commands (HO)
)
\Hy@SavedSpaceFactor=\count285

(/usr/share/texlive/texmf-dist/tex/latex/hyperref/puenc.def
File: puenc.def 2022-11-13 v7.00u Hyperref: PDF Unicode definition (HO)
Now handling font encoding PU ...
... no UTF-8 mapping file for font encoding PU
)
Package hyperref Info: Hyper figures OFF on input line 4162.
Package hyperref Info: Link nesting OFF on input line 4167.
Package hyperref Info: Hyper index ON on input line 4170.
Package hyperref Info: Plain pages OFF on input line 4177.
Package hyperref Info: Backreferencing OFF on input line 4182.
Package hyperref Info: Implicit mode ON; LaTeX internals redefined.
Package hyperref Info: Bookmarks ON on input line 4410.
\c@Hy@tempcnt=\count286

(/usr/share/texlive/texmf-dist/tex/latex/url/url.sty
\Urlmuskip=\muskip17
Package: url 2013/09/16  ver 3.4  Verb mode for urls, etc.
)
LaTeX Info: Redefining \url on input line 4748.
\XeTeXLinkMargin=\dimen163

(/usr/share/texlive/texmf-dist/tex/generic/bitset/bitset.sty
Package: bitset 2019/12/09 v1.3 Handle bit-vector datatype (HO)

(/usr/share/texlive/texmf-dist/tex/generic/bigintcalc/bigintcalc.sty
Package: bigintcalc 2019/12/15 v1.5 Expandable calculations on big integers (HO
)
))
\Fld@menulength=\count287
\Field@Width=\dimen164
\Fld@charsize=\dimen165
Package hyperref Info: Hyper figures OFF on input line 6027.
Package hyperref Info: Link nesting OFF on input line 6032.
Package hyperref Info: Hyper index ON on input line 6035.
Package hyperref Info: backreferencing OFF on input line 6042.
Package hyperref Info: Link coloring OFF on input line 6047.
Package hyperref Info: Link coloring with OCG OFF on input line 6052.
Package hyperref Info: PDF/A mode OFF on input line 6057.

(/usr/share/texlive/texmf-dist/tex/latex/base/atbegshi-ltx.sty
Package: atbegshi-ltx 2021/01/10 v1.0c Emulation of the original atbegshi
package with kernel methods
)
\Hy@abspage=\count288
\c@Item=\count289
\c@Hfootnote=\count290
)
Package hyperref Info: Driver (autodetected): hpdftex.

(/usr/share/texlive/texmf-dist/tex/latex/hyperref/hpdftex.def
File: hpdftex.def 2022-11-13 v7.00u Hyperref driver for pdfTeX

(/usr/share/texlive/texmf-dist/tex/latex/base/atveryend-ltx.sty
Package: atveryend-ltx 2020/08/19 v1.0a Emulation of the original atveryend pac
kage
with kernel methods
)
\Fld@listcount=\count291
\c@bookmark@seq@number=\count292

(/usr/share/texlive/texmf-dist/tex/latex/rerunfilecheck/rerunfilecheck.sty
Package: rerunfilecheck 2022-07-10 v1.10 Rerun checks for auxiliary files (HO)

(/usr/share/texlive/texmf-dist/tex/generic/uniquecounter/uniquecounter.sty
Package: uniquecounter 2019/12/15 v1.4 Provide unlimited unique counter (HO)
)
Package uniquecounter Info: New unique counter `rerunfilecheck' on input line 2
85.
)
\Hy@SectionHShift=\skip57
)
(/usr/share/texlive/texmf-dist/tex/latex/lastpage/lastpage.sty
Package: lastpage 2021/09/03 v1.2n Refers to last page's name (HMM; JPG)
)
(/usr/share/texlive/texmf-dist/tex/latex/fancyhdr/fancyhdr.sty
Package: fancyhdr 2022/11/09 v4.1 Extensive control of page headers and footers

\f@nch@headwidth=\skip58
\f@nch@O@elh=\skip59
\f@nch@O@erh=\skip60
\f@nch@O@olh=\skip61
\f@nch@O@orh=\skip62
\f@nch@O@elf=\skip63
\f@nch@O@erf=\skip64
\f@nch@O@olf=\skip65
\f@nch@O@orf=\skip66
)
(/usr/share/texlive/texmf-dist/tex/latex/movie15/movie15.sty
Package: movie15 2012/05/16

(/usr/share/texlive/texmf-dist/tex/latex/base/ifthen.sty
Package: ifthen 2022/04/13 v1.1d Standard LaTeX ifthen package (DPC)
)
(/usr/share/texlive/texmf-dist/tex/generic/iftex/ifpdf.sty
Package: ifpdf 2019/10/25 v3.4 ifpdf legacy package. Use iftex instead.
)
(/usr/share/texlive/texmf-dist/tex/latex/oberdiek/ifdraft.sty
Package: ifdraft 2016/05/16 v1.4 Detect class options draft and final (HO)
)
(/usr/share/texlive/texmf-dist/tex/latex/everyshi/everyshi.sty
Package: everyshi 2020/11/18 v4.00 EveryShipout Package
)
\@MXV@page=\count293
\@MXV@adict=\count294
\@MXV@aadict=\count295
\@MXV@includes=\count296
\@MXV@players=\count297
\@MXV@links=\count298
\@MXV@width=\dimen166
\@MXV@height=\dimen167
\@MXV@depth=\dimen168
\@MXV@totalheight=\dimen169
\@MXV@@boxdepth=\dimen170
\@MXV@traiselen=\dimen171
\@MXV@braiselen=\dimen172
\@MXV@start=\dimen173
\@MXV@end=\dimen174
\@MXV@textbox=\box98
)
(/usr/share/texlive/texmf-dist/tex/latex/float/float.sty
Package: float 2001/11/08 v1.3d Float enhancements (AL)
\c@float@type=\count299
\float@exts=\toks24
\float@box=\box99
\@float@everytoks=\toks25
\@floatcapt=\box100
)
(/usr/share/texlive/texmf-dist/tex/latex/eqnarray/eqnarray.sty
equationarray 1.3 <December 1, 2010>
Package: eqnarray 
(/usr/share/texlive/texmf-dist/tex/latex/tools/array.sty
Package: array 2022/09/04 v2.5g Tabular extension package (FMi)
\col@sep=\dimen175
\ar@mcellbox=\box101
\extrarowheight=\dimen176
\NC@list=\toks26
\extratabsurround=\skip67
\backup@length=\skip68
\ar@cellbox=\box102
)
\@eqargcnt=\count300
)
(/usr/share/texlive/texmf-dist/tex/latex/caption/caption.sty
Package: caption 2022/03/01 v3.6b Customizing captions (AR)

(/usr/share/texlive/texmf-dist/tex/latex/caption/caption3.sty
Package: caption3 2022/03/17 v2.3b caption3 kernel (AR)
\caption@tempdima=\dimen177
\captionmargin=\dimen178
\caption@leftmargin=\dimen179
\caption@rightmargin=\dimen180
\caption@width=\dimen181
\caption@indent=\dimen182
\caption@parindent=\dimen183
\caption@hangindent=\dimen184
Package caption Info: Standard document class detected.
)
\c@caption@flags=\count301
\c@continuedfloat=\count302
Package caption Info: float package is loaded.
Package caption Info: hyperref package is loaded.
)
(/usr/share/texlive/texmf-dist/tex/latex/tools/longtable.sty
Package: longtable 2021-09-01 v4.17 Multi-page Table package (DPC)
\LTleft=\skip69
\LTright=\skip70
\LTpre=\skip71
\LTpost=\skip72
\LTchunksize=\count303
\LTcapwidth=\dimen185
\LT@head=\box103
\LT@firsthead=\box104
\LT@foot=\box105
\LT@lastfoot=\box106
\LT@gbox=\box107
\LT@cols=\count304
\LT@rows=\count305
\c@LT@tables=\count306
\c@LT@chunks=\count307
\LT@p@ftn=\toks27
)
(/usr/share/texlive/texmf-dist/tex/latex/booktabs/booktabs.sty
Package: booktabs 2020/01/12 v1.61803398 Publication quality tables
\heavyrulewidth=\dimen186
\lightrulewidth=\dimen187
\cmidrulewidth=\dimen188
\belowrulesep=\dimen189
\belowbottomsep=\dimen190
\aboverulesep=\dimen191
\abovetopsep=\dimen192
\cmidrulesep=\dimen193
\cmidrulekern=\dimen194
\defaultaddspace=\dimen195
\@cmidla=\count308
\@cmidlb=\count309
\@aboverulesep=\dimen196
\@belowrulesep=\dimen197
\@thisruleclass=\count310
\@lastruleclass=\count311
\@thisrulewidth=\dimen198
)
(/usr/share/texlive/texmf-dist/tex/latex/caption/subcaption.sty
Package: subcaption 2022/01/07 v1.5 Sub-captions (AR)
\c@subfigure=\count312
\c@subtable=\count313
)
(/usr/share/texlive/texmf-dist/tex/latex/xcolor/xcolor.sty
Package: xcolor 2022/06/12 v2.14 LaTeX color extensions (UK)

(/usr/share/texlive/texmf-dist/tex/latex/graphics-cfg/color.cfg
File: color.cfg 2016/01/02 v1.6 sample color configuration
)
Package xcolor Info: Driver file: pdftex.def on input line 227.

(/usr/share/texlive/texmf-dist/tex/latex/colortbl/colortbl.sty
Package: colortbl 2022/06/20 v1.0f Color table columns (DPC)
\everycr=\toks28
\minrowclearance=\skip73
\rownum=\count314
)
(/usr/share/texlive/texmf-dist/tex/latex/graphics/mathcolor.ltx)
Package xcolor Info: Model `cmy' substituted by `cmy0' on input line 1353.
Package xcolor Info: Model `hsb' substituted by `rgb' on input line 1357.
Package xcolor Info: Model `RGB' extended on input line 1369.
Package xcolor Info: Model `HTML' substituted by `rgb' on input line 1371.
Package xcolor Info: Model `Hsb' substituted by `hsb' on input line 1372.
Package xcolor Info: Model `tHsb' substituted by `hsb' on input line 1373.
Package xcolor Info: Model `HSB' substituted by `hsb' on input line 1374.
Package xcolor Info: Model `Gray' substituted by `gray' on input line 1375.
Package xcolor Info: Model `wave' substituted by `hsb' on input line 1376.
)
(/usr/share/texlive/texmf-dist/tex/latex/geometry/geometry.sty
Package: geometry 2020/01/02 v5.9 Page Geometry

(/usr/share/texlive/texmf-dist/tex/generic/iftex/ifvtex.sty
Package: ifvtex 2019/10/25 v1.7 ifvtex legacy package. Use iftex instead.
)
\Gm@cnth=\count315
\Gm@cntv=\count316
\c@Gm@tempcnt=\count317
\Gm@bindingoffset=\dimen199
\Gm@wd@mp=\dimen256
\Gm@odd@mp=\dimen257
\Gm@even@mp=\dimen258
\Gm@layoutwidth=\dimen259
\Gm@layoutheight=\dimen260
\Gm@layouthoffset=\dimen261
\Gm@layoutvoffset=\dimen262
\Gm@dimlist=\toks29
)
\c@theo=\count318
\c@defi=\count319

(/usr/share/texlive/texmf-dist/tex/latex/l3backend/l3backend-pdftex.def
File: l3backend-pdftex.def 2023-01-16 L3 backend support: PDF output (pdfTeX)
\l__color_backend_stack_int=\count320
\l__pdf_internal_box=\box108
)
(./IcpO2GR2W1.aux

LaTeX Warning: Label `fig:code' multiply defined.


LaTeX Warning: Label `fig:code' multiply defined.


LaTeX Warning: Label `fig:code' multiply defined.


LaTeX Warning: Label `fig:code' multiply defined.


LaTeX Warning: Label `fig:code' multiply defined.

)
\openout1 = `IcpO2GR2W1.aux'.

LaTeX Font Info:    Checking defaults for OML/cmm/m/it on input line 63.
LaTeX Font Info:    ... okay on input line 63.
LaTeX Font Info:    Checking defaults for OMS/cmsy/m/n on input line 63.
LaTeX Font Info:    ... okay on input line 63.
LaTeX Font Info:    Checking defaults for OT1/cmr/m/n on input line 63.
LaTeX Font Info:    ... okay on input line 63.
LaTeX Font Info:    Checking defaults for T1/cmr/m/n on input line 63.
LaTeX Font Info:    ... okay on input line 63.
LaTeX Font Info:    Checking defaults for TS1/cmr/m/n on input line 63.
LaTeX Font Info:    ... okay on input line 63.
LaTeX Font Info:    Checking defaults for OMX/cmex/m/n on input line 63.
LaTeX Font Info:    ... okay on input line 63.
LaTeX Font Info:    Checking defaults for U/cmr/m/n on input line 63.
LaTeX Font Info:    ... okay on input line 63.
LaTeX Font Info:    Checking defaults for PD1/pdf/m/n on input line 63.
LaTeX Font Info:    ... okay on input line 63.
LaTeX Font Info:    Checking defaults for PU/pdf/m/n on input line 63.
LaTeX Font Info:    ... okay on input line 63.
 (/usr/share/texlive/texmf-dist/tex/context/base/mkii/supp-pdf.mkii
[Loading MPS to PDF converter (version 2006.09.02).]
\scratchcounter=\count321
\scratchdimen=\dimen263
\scratchbox=\box109
\nofMPsegments=\count322
\nofMParguments=\count323
\everyMPshowfont=\toks30
\MPscratchCnt=\count324
\MPscratchDim=\dimen264
\MPnumerator=\count325
\makeMPintoPDFobject=\count326
\everyMPtoPDFconversion=\toks31
) (/usr/share/texlive/texmf-dist/tex/latex/epstopdf-pkg/epstopdf-base.sty
Package: epstopdf-base 2020-01-24 v2.11 Base part for package epstopdf
Package epstopdf-base Info: Redefining graphics rule for `.eps' on input line 4
85.

(/usr/share/texlive/texmf-dist/tex/latex/latexconfig/epstopdf-sys.cfg
File: epstopdf-sys.cfg 2010/07/13 v1.3 Configuration of (r)epstopdf for TeX Liv
e
))
Package hyperref Info: Link coloring OFF on input line 63.

(./IcpO2GR2W1.out) (./IcpO2GR2W1.out)
\@outlinefile=\write3
\openout3 = `IcpO2GR2W1.out'.

Package lastpage Info: Please have a look at the pageslts package at
(lastpage)             https://www.ctan.org/pkg/pageslts
(lastpage)             ! on input line 63.
Package caption Info: Begin \AtBeginDocument code.
Package caption Info: longtable package is loaded.

(/usr/share/texlive/texmf-dist/tex/latex/caption/ltcaption.sty
Package: ltcaption 2021/01/08 v1.4c longtable captions (AR)
)
Package caption Info: End \AtBeginDocument code.

*geometry* driver: auto-detecting
*geometry* detected driver: pdftex
*geometry* verbose mode - [ preamble ] result:
* driver: pdftex
* paper: a4paper
* layout: <same size as paper>
* layoutoffset:(h,v)=(0.0pt,0.0pt)
* modes: 
* h-part:(L,W,R)=(56.9055pt, 483.69684pt, 56.90553pt)
* v-part:(T,H,B)=(56.9055pt, 731.23582pt, 56.90552pt)
* \paperwidth=597.50787pt
* \paperheight=845.04684pt
* \textwidth=483.69684pt
* \textheight=731.23582pt
* \oddsidemargin=-15.36449pt
* \evensidemargin=-15.36449pt
* \topmargin=-52.36449pt
* \headheight=12.0pt
* \headsep=25.0pt
* \topskip=12.0pt
* \footskip=30.0pt
* \marginparwidth=35.0pt
* \marginparsep=10.0pt
* \columnsep=10.0pt
* \skip\footins=10.8pt plus 4.0pt minus 2.0pt
* \hoffset=0.0pt
* \voffset=0.0pt
* \mag=1000
* \@twocolumnfalse
* \@twosidefalse
* \@mparswitchfalse
* \@reversemarginfalse
* (1in=72.27pt=25.4mm, 1cm=28.453pt)

LaTeX Font Info:    Trying to load font information for U+msa on input line 64.

(/usr/share/texlive/texmf-dist/tex/latex/amsfonts/umsa.fd
File: umsa.fd 2013/01/14 v3.01 AMS symbols A
)
LaTeX Font Info:    Trying to load font information for U+msb on input line 64.


(/usr/share/texlive/texmf-dist/tex/latex/amsfonts/umsb.fd
File: umsb.fd 2013/01/14 v3.01 AMS symbols B
)
<Figures/AIMSCameroonlogo.jpg, id=52, 453.0015pt x 83.439pt>
File: Figures/AIMSCameroonlogo.jpg Graphic file (type jpg)
<use Figures/AIMSCameroonlogo.jpg>
Package pdftex.def Info: Figures/AIMSCameroonlogo.jpg  used on input line 64.
(pdftex.def)             Requested size: 202.01013pt x 39.83382pt.

Overfull \hbox (2.84085pt too wide) in paragraph at lines 64--64
[]|[]|  
 []


LaTeX Warning: No \author given.

File: Figures/AIMSCameroonlogo.jpg Graphic file (type jpg)
<use Figures/AIMSCameroonlogo.jpg>
Package pdftex.def Info: Figures/AIMSCameroonlogo.jpg  used on input line 79.
(pdftex.def)             Requested size: 54.06006pt x 9.95622pt.
[1

{/var/lib/texmf/fonts/map/pdftex/updmap/pdftex.map} <./Figures/AIMSCameroonlogo
.jpg>]
<Figures/dataType.png, id=74, 879.285pt x 469.755pt>
File: Figures/dataType.png Graphic file (type png)
<use Figures/dataType.png>
Package pdftex.def Info: Figures/dataType.png  used on input line 130.
(pdftex.def)             Requested size: 435.32121pt x 204.74318pt.
<Figures/missing.png, id=76, 295.1025pt x 319.79475pt>
File: Figures/missing.png Graphic file (type png)
<use Figures/missing.png>
Package pdftex.def Info: Figures/missing.png  used on input line 137.
(pdftex.def)             Requested size: 435.33543pt x 219.38013pt.
File: Figures/AIMSCameroonlogo.jpg Graphic file (type jpg)
<use Figures/AIMSCameroonlogo.jpg>
Package pdftex.def Info: Figures/AIMSCameroonlogo.jpg  used on input line 141.
(pdftex.def)             Requested size: 54.06006pt x 9.95622pt.
 [2 <./Figures/dataType.png>]
Underfull \hbox (badness 10000) in paragraph at lines 142--145

 []

<Figures/Histage.png, id=86, 295.1025pt x 319.79475pt>
File: Figures/Histage.png Graphic file (type png)
<use Figures/Histage.png>
Package pdftex.def Info: Figures/Histage.png  used on input line 150.
(pdftex.def)             Requested size: 145.11052pt x 157.2522pt.

Package caption Warning: The option `hypcap=true' will be ignored for this
(caption)                particular \caption on input line 151.
See the caption package documentation for explanation.

<Figures/BarHeadace.png, id=87, 295.1025pt x 319.79475pt>
File: Figures/BarHeadace.png Graphic file (type png)
<use Figures/BarHeadace.png>
Package pdftex.def Info: Figures/BarHeadace.png  used on input line 154.
(pdftex.def)             Requested size: 145.11052pt x 157.2522pt.

Package caption Warning: The option `hypcap=true' will be ignored for this
(caption)                particular \caption on input line 155.
See the caption package documentation for explanation.

<Figures/BarFever.png, id=88, 295.1025pt x 319.79475pt>
File: Figures/BarFever.png Graphic file (type png)
<use Figures/BarFever.png>
Package pdftex.def Info: Figures/BarFever.png  used on input line 158.
(pdftex.def)             Requested size: 145.11052pt x 157.2522pt.

Package caption Warning: The option `hypcap=true' will be ignored for this
(caption)                particular \caption on input line 159.
See the caption package documentation for explanation.

<Figures/BarFatigue.png, id=89, 295.1025pt x 319.79475pt>
File: Figures/BarFatigue.png Graphic file (type png)
<use Figures/BarFatigue.png>
Package pdftex.def Info: Figures/BarFatigue.png  used on input line 164.
(pdftex.def)             Requested size: 145.11052pt x 157.2522pt.

Package caption Warning: The option `hypcap=true' will be ignored for this
(caption)                particular \caption on input line 165.
See the caption package documentation for explanation.

<Figures/BarSex.png, id=90, 295.1025pt x 319.79475pt>
File: Figures/BarSex.png Graphic file (type png)
<use Figures/BarSex.png>
Package pdftex.def Info: Figures/BarSex.png  used on input line 168.
(pdftex.def)             Requested size: 145.11052pt x 157.2522pt.

Package caption Warning: The option `hypcap=true' will be ignored for this
(caption)                particular \caption on input line 169.
See the caption package documentation for explanation.

<Figures/BarVomiting.png, id=91, 295.1025pt x 319.79475pt>
File: Figures/BarVomiting.png Graphic file (type png)
<use Figures/BarVomiting.png>
Package pdftex.def Info: Figures/BarVomiting.png  used on input line 172.
(pdftex.def)             Requested size: 145.11052pt x 157.2522pt.

Package caption Warning: The option `hypcap=true' will be ignored for this
(caption)                particular \caption on input line 173.
See the caption package documentation for explanation.

File: Figures/AIMSCameroonlogo.jpg Graphic file (type jpg)
<use Figures/AIMSCameroonlogo.jpg>
Package pdftex.def Info: Figures/AIMSCameroonlogo.jpg  used on input line 180.
(pdftex.def)             Requested size: 54.06006pt x 9.95622pt.
[3 <./Figures/missing.png (PNG copy)> <./Figures/Histage.png (PNG copy)> <./Fig
ures/BarHeadace.png (PNG copy)> <./Figures/BarFever.png (PNG copy)> <./Figures/
BarFatigue.png (PNG copy)> <./Figures/BarSex.png (PNG copy)> <./Figures/BarVomi
ting.png (PNG copy)>]
<Figures/BarSevereMalaria.png, id=105, 295.1025pt x 319.79475pt>
File: Figures/BarSevereMalaria.png Graphic file (type png)
<use Figures/BarSevereMalaria.png>
Package pdftex.def Info: Figures/BarSevereMalaria.png  used on input line 183.
(pdftex.def)             Requested size: 193.48041pt x 204.75089pt.
<Figures/dataspliting.png, id=106, 891.33pt x 96.36pt>
File: Figures/dataspliting.png Graphic file (type png)
<use Figures/dataspliting.png>
Package pdftex.def Info: Figures/dataspliting.png  used on input line 192.
(pdftex.def)             Requested size: 435.32747pt x 51.1911pt.
<Figures/corMatrix.png, id=107, 445.665pt x 482.40225pt>
File: Figures/corMatrix.png Graphic file (type png)
<use Figures/corMatrix.png>
Package pdftex.def Info: Figures/corMatrix.png  used on input line 203.
(pdftex.def)             Requested size: 483.70473pt x 438.7659pt.
File: Figures/AIMSCameroonlogo.jpg Graphic file (type jpg)
<use Figures/AIMSCameroonlogo.jpg>
Package pdftex.def Info: Figures/AIMSCameroonlogo.jpg  used on input line 207.
(pdftex.def)             Requested size: 54.06006pt x 9.95622pt.
 [4 <./Figures/BarSevereMalaria.png (PNG copy)> <./Figures/dataspliting.png>]
<Figures/importanceVar.png, id=117, 295.1025pt x 319.79475pt>
File: Figures/importanceVar.png Graphic file (type png)
<use Figures/importanceVar.png>
Package pdftex.def Info: Figures/importanceVar.png  used on input line 212.
(pdftex.def)             Requested size: 241.85051pt x 255.9435pt.
File: Figures/AIMSCameroonlogo.jpg Graphic file (type jpg)
<use Figures/AIMSCameroonlogo.jpg>
Package pdftex.def Info: Figures/AIMSCameroonlogo.jpg  used on input line 216.
(pdftex.def)             Requested size: 54.06006pt x 9.95622pt.
 [5 <./Figures/corMatrix.png (PNG copy)>]
<Figures/IMB_LR.png, id=125, 295.1025pt x 319.79475pt>
File: Figures/IMB_LR.png Graphic file (type png)
<use Figures/IMB_LR.png>
Package pdftex.def Info: Figures/IMB_LR.png  used on input line 260.
(pdftex.def)             Requested size: 145.11052pt x 157.2522pt.


Package caption Warning: The option `hypcap=true' will be ignored for this
(caption)                particular \caption on input line 261.
See the caption package documentation for explanation.

<Figures/IMB_LVQ.png, id=126, 295.1025pt x 319.79475pt>
File: Figures/IMB_LVQ.png Graphic file (type png)
<use Figures/IMB_LVQ.png>
Package pdftex.def Info: Figures/IMB_LVQ.png  used on input line 264.
(pdftex.def)             Requested size: 145.11052pt x 157.2522pt.

Package caption Warning: The option `hypcap=true' will be ignored for this
(caption)                particular \caption on input line 265.
See the caption package documentation for explanation.

<Figures/IMB_KNN.png, id=127, 295.1025pt x 319.79475pt>
File: Figures/IMB_KNN.png Graphic file (type png)
<use Figures/IMB_KNN.png>
Package pdftex.def Info: Figures/IMB_KNN.png  used on input line 268.
(pdftex.def)             Requested size: 145.11052pt x 157.2522pt.

Package caption Warning: The option `hypcap=true' will be ignored for this
(caption)                particular \caption on input line 269.
See the caption package documentation for explanation.

<Figures/IMB_RF.png, id=128, 295.1025pt x 319.79475pt>
File: Figures/IMB_RF.png Graphic file (type png)
<use Figures/IMB_RF.png>
Package pdftex.def Info: Figures/IMB_RF.png  used on input line 275.
(pdftex.def)             Requested size: 145.11052pt x 157.2522pt.

Package caption Warning: The option `hypcap=true' will be ignored for this
(caption)                particular \caption on input line 276.
See the caption package documentation for explanation.

<Figures/IMB_NN.png, id=129, 295.1025pt x 319.79475pt>
File: Figures/IMB_NN.png Graphic file (type png)
<use Figures/IMB_NN.png>
Package pdftex.def Info: Figures/IMB_NN.png  used on input line 279.
(pdftex.def)             Requested size: 145.11052pt x 157.2522pt.

Package caption Warning: The option `hypcap=true' will be ignored for this
(caption)                particular \caption on input line 280.
See the caption package documentation for explanation.

<Figures/IMB_LDA.png, id=130, 295.1025pt x 319.79475pt>
File: Figures/IMB_LDA.png Graphic file (type png)
<use Figures/IMB_LDA.png>
Package pdftex.def Info: Figures/IMB_LDA.png  used on input line 283.
(pdftex.def)             Requested size: 145.11052pt x 157.2522pt.

Package caption Warning: The option `hypcap=true' will be ignored for this
(caption)                particular \caption on input line 284.
See the caption package documentation for explanation.

<Figures/IMB_NB.png, id=131, 295.1025pt x 319.79475pt>
File: Figures/IMB_NB.png Graphic file (type png)
<use Figures/IMB_NB.png>
Package pdftex.def Info: Figures/IMB_NB.png  used on input line 289.
(pdftex.def)             Requested size: 145.11052pt x 157.2522pt.

Package caption Warning: The option `hypcap=true' will be ignored for this
(caption)                particular \caption on input line 290.
See the caption package documentation for explanation.

<Figures/IMB_LIGHTGBM.png, id=132, 295.1025pt x 319.79475pt>
File: Figures/IMB_LIGHTGBM.png Graphic file (type png)
<use Figures/IMB_LIGHTGBM.png>
Package pdftex.def Info: Figures/IMB_LIGHTGBM.png  used on input line 293.
(pdftex.def)             Requested size: 145.11052pt x 157.2522pt.

Package caption Warning: The option `hypcap=true' will be ignored for this
(caption)                particular \caption on input line 294.
See the caption package documentation for explanation.

<Figures/IMB_SVM.png, id=133, 295.1025pt x 319.79475pt>
File: Figures/IMB_SVM.png Graphic file (type png)
<use Figures/IMB_SVM.png>
Package pdftex.def Info: Figures/IMB_SVM.png  used on input line 297.
(pdftex.def)             Requested size: 145.11052pt x 157.2522pt.

Package caption Warning: The option `hypcap=true' will be ignored for this
(caption)                particular \caption on input line 298.
See the caption package documentation for explanation.

<Figures/IMB_decT.png, id=134, 295.1025pt x 319.79475pt>
File: Figures/IMB_decT.png Graphic file (type png)
<use Figures/IMB_decT.png>
Package pdftex.def Info: Figures/IMB_decT.png  used on input line 304.
(pdftex.def)             Requested size: 145.11052pt x 157.2522pt.

Package caption Warning: The option `hypcap=true' will be ignored for this
(caption)                particular \caption on input line 305.
See the caption package documentation for explanation.

File: Figures/AIMSCameroonlogo.jpg Graphic file (type jpg)
<use Figures/AIMSCameroonlogo.jpg>
Package pdftex.def Info: Figures/AIMSCameroonlogo.jpg  used on input line 308.
(pdftex.def)             Requested size: 54.06006pt x 9.95622pt.
[6 <./Figures/importanceVar.png (PNG copy)>]
Overfull \hbox (1.40498pt too wide) in alignment at lines 314--319
 [] [] [] [] [] [] [] [] 
 []


Overfull \hbox (1.40498pt too wide) in alignment at lines 319--324
 [] [] [] [] [] [] [] [] 
 []


Overfull \hbox (1.40498pt too wide) in alignment at lines 324--329
 [] [] [] [] [] [] [] [] 
 []


Overfull \hbox (1.40498pt too wide) in alignment at lines 329--332
 [] [] [] [] [] [] [] [] 
 []


Overfull \hbox (1.40498pt too wide) in alignment at lines 332--344
 [] [] [] [] [] [] [] [] 
 []

File: Figures/AIMSCameroonlogo.jpg Graphic file (type jpg)
<use Figures/AIMSCameroonlogo.jpg>
Package pdftex.def Info: Figures/AIMSCameroonlogo.jpg  used on input line 344.
(pdftex.def)             Requested size: 54.06006pt x 9.95622pt.
[7 <./Figures/IMB_LR.png (PNG copy)> <./Figures/IMB_LVQ.png (PNG copy)> <./Figu
res/IMB_KNN.png (PNG copy)> <./Figures/IMB_RF.png (PNG copy)> <./Figures/IMB_NN
.png (PNG copy)> <./Figures/IMB_LDA.png (PNG copy)> <./Figures/IMB_NB.png (PNG 
copy)> <./Figures/IMB_LIGHTGBM.png (PNG copy)> <./Figures/IMB_SVM.png (PNG copy
)> <./Figures/IMB_decT.png (PNG copy)>]
Underfull \hbox (badness 10000) in paragraph at lines 346--348

 []


Underfull \hbox (badness 10000) in paragraph at lines 349--352

 []


Underfull \hbox (badness 10000) in paragraph at lines 353--356

 []


Underfull \hbox (badness 10000) in paragraph at lines 357--359

 []


Underfull \hbox (badness 10000) in paragraph at lines 360--363

 []


Underfull \hbox (badness 10000) in paragraph at lines 364--366

 []


Overfull \hbox (1.40498pt too wide) in alignment at lines 369--374
 [] [] [] [] [] [] [] [] 
 []


Overfull \hbox (1.40498pt too wide) in alignment at lines 374--379
 [] [] [] [] [] [] [] [] 
 []


Overfull \hbox (1.40498pt too wide) in alignment at lines 379--384
 [] [] [] [] [] [] [] [] 
 []


Overfull \hbox (1.40498pt too wide) in alignment at lines 384--387
 [] [] [] [] [] [] [] [] 
 []


Overfull \hbox (1.40498pt too wide) in alignment at lines 387--399
 [] [] [] [] [] [] [] [] 
 []

File: Figures/AIMSCameroonlogo.jpg Graphic file (type jpg)
<use Figures/AIMSCameroonlogo.jpg>
Package pdftex.def Info: Figures/AIMSCameroonlogo.jpg  used on input line 399.
(pdftex.def)             Requested size: 54.06006pt x 9.95622pt.
[8]
<Figures/AUCLR.png, id=168, 295.1025pt x 319.79475pt>
File: Figures/AUCLR.png Graphic file (type png)
<use Figures/AUCLR.png>
Package pdftex.def Info: Figures/AUCLR.png  used on input line 414.
(pdftex.def)             Requested size: 145.11052pt x 157.2522pt.


Package caption Warning: The option `hypcap=true' will be ignored for this
(caption)                particular \caption on input line 415.
See the caption package documentation for explanation.

<Figures/AUCRF.png, id=169, 295.1025pt x 319.79475pt>
File: Figures/AUCRF.png Graphic file (type png)
<use Figures/AUCRF.png>
Package pdftex.def Info: Figures/AUCRF.png  used on input line 418.
(pdftex.def)             Requested size: 145.11052pt x 157.2522pt.

Package caption Warning: The option `hypcap=true' will be ignored for this
(caption)                particular \caption on input line 419.
See the caption package documentation for explanation.

<Figures/AUCNN.png, id=170, 295.1025pt x 319.79475pt>
File: Figures/AUCNN.png Graphic file (type png)
<use Figures/AUCNN.png>
Package pdftex.def Info: Figures/AUCNN.png  used on input line 422.
(pdftex.def)             Requested size: 145.11052pt x 157.2522pt.

Package caption Warning: The option `hypcap=true' will be ignored for this
(caption)                particular \caption on input line 423.
See the caption package documentation for explanation.

<Figures/AUCKNN.png, id=171, 295.1025pt x 319.79475pt>
File: Figures/AUCKNN.png Graphic file (type png)
<use Figures/AUCKNN.png>
Package pdftex.def Info: Figures/AUCKNN.png  used on input line 429.
(pdftex.def)             Requested size: 145.11052pt x 157.2522pt.

Package caption Warning: The option `hypcap=true' will be ignored for this
(caption)                particular \caption on input line 430.
See the caption package documentation for explanation.

<Figures/AUCNB.png, id=172, 295.1025pt x 319.79475pt>
File: Figures/AUCNB.png Graphic file (type png)
<use Figures/AUCNB.png>
Package pdftex.def Info: Figures/AUCNB.png  used on input line 433.
(pdftex.def)             Requested size: 145.11052pt x 157.2522pt.

Package caption Warning: The option `hypcap=true' will be ignored for this
(caption)                particular \caption on input line 434.
See the caption package documentation for explanation.

<Figures/AUCDT.png, id=173, 295.1025pt x 319.79475pt>
File: Figures/AUCDT.png Graphic file (type png)
<use Figures/AUCDT.png>
Package pdftex.def Info: Figures/AUCDT.png  used on input line 437.
(pdftex.def)             Requested size: 145.11052pt x 157.2522pt.

Package caption Warning: The option `hypcap=true' will be ignored for this
(caption)                particular \caption on input line 438.
See the caption package documentation for explanation.

File: Figures/AIMSCameroonlogo.jpg Graphic file (type jpg)
<use Figures/AIMSCameroonlogo.jpg>
Package pdftex.def Info: Figures/AIMSCameroonlogo.jpg  used on input line 441.
(pdftex.def)             Requested size: 54.06006pt x 9.95622pt.
[9]
File: Figures/AIMSCameroonlogo.jpg Graphic file (type jpg)
<use Figures/AIMSCameroonlogo.jpg>
Package pdftex.def Info: Figures/AIMSCameroonlogo.jpg  used on input line 446.
(pdftex.def)             Requested size: 54.06006pt x 9.95622pt.
 [10 <./Figures/AUCLR.png (PNG copy)> <./Figures/AUCRF.png (PNG copy)> <./Figur
es/AUCNN.png (PNG copy)> <./Figures/AUCKNN.png (PNG copy)> <./Figures/AUCNB.png
 (PNG copy)> <./Figures/AUCDT.png (PNG copy)>]
File: Figures/AIMSCameroonlogo.jpg Graphic file (type jpg)
<use Figures/AIMSCameroonlogo.jpg>
Package pdftex.def Info: Figures/AIMSCameroonlogo.jpg  used on input line 466.
(pdftex.def)             Requested size: 54.06006pt x 9.95622pt.
 [11]

AED: lastpage setting LastPage
File: Figures/AIMSCameroonlogo.jpg Graphic file (type jpg)
<use Figures/AIMSCameroonlogo.jpg>
Package pdftex.def Info: Figures/AIMSCameroonlogo.jpg  used on input line 478.
(pdftex.def)             Requested size: 54.06006pt x 9.95622pt.
[12]

Package movie15 Warning: @@@@@@@@@@@@@@@@@@@@@@@@@@@@@@@@@@@@@@@
(movie15)                @@ Package `movie15' is obsolete and @@
(movie15)                @@ superseded by `media9'.           @@
(movie15)                @@@@@@@@@@@@@@@@@@@@@@@@@@@@@@@@@@@@@@@.

(./IcpO2GR2W1.aux)

LaTeX Warning: There were multiply-defined labels.

Package rerunfilecheck Info: File `IcpO2GR2W1.out' has not changed.
(rerunfilecheck)             Checksum: 16EC2F9C2EECE5BCE174A2EC3DC9D390;1621.
 ) 
Here is how much of TeX's memory you used:
 13579 strings out of 476091
 219190 string characters out of 5794082
 1876330 words of memory out of 5000000
 33661 multiletter control sequences out of 15000+600000
 525671 words of font info for 83 fonts, out of 8000000 for 9000
 1141 hyphenation exceptions out of 8191
 75i,15n,76p,1377b,592s stack positions out of 10000i,1000n,20000p,200000b,200000s
</usr/share/texlive/texmf-dist/fonts/type1/public/amsfonts/cm/cmbx10.pfb></us
r/share/texlive/texmf-dist/fonts/type1/public/amsfonts/cm/cmbx12.pfb></usr/shar
e/texlive/texmf-dist/fonts/type1/public/amsfonts/cm/cmbx8.pfb></usr/share/texli
ve/texmf-dist/fonts/type1/public/amsfonts/cm/cmr10.pfb></usr/share/texlive/texm
f-dist/fonts/type1/public/amsfonts/cm/cmr12.pfb></usr/share/texlive/texmf-dist/
fonts/type1/public/amsfonts/cm/cmr8.pfb></usr/share/texlive/texmf-dist/fonts/ty
pe1/public/amsfonts/cm/cmss8.pfb></usr/share/texlive/texmf-dist/fonts/type1/pub
lic/amsfonts/cm/cmti12.pfb></usr/share/texlive/texmf-dist/fonts/type1/public/am
sfonts/cm/cmtt8.pfb>
Output written on IcpO2GR2W1.pdf (12 pages, 1076624 bytes).
PDF statistics:
 261 PDF objects out of 1000 (max. 8388607)
 196 compressed objects within 2 object streams
 61 named destinations out of 1000 (max. 500000)
 242 words of extra memory for PDF output out of 10000 (max. 10000000)

